<?xml version="1.0" encoding="UTF-8"?>
<!-- Generated by org.testng.reporters.JUnitXMLReporter -->
<testsuite ignored="1" hostname="DESKTOP-FADL0SF" failures="0" tests="1" name="Default test" time="31.099" errors="0" timestamp="2023-02-14T15:41:29 IST">
  <testcase classname="com.bridgelabz_qa_automation.FindElements_Method_Test" name="wbtable" time="16.861"/>
  <testcase classname="com.bridgelabz_qa_automation.FindElements_Method_Test" name="find_Link" time="0.0">
    <ignored/>
  </testcase> <!-- find_Link -->
</testsuite> <!-- Default test -->
