<?xml version="1.0" encoding="UTF-8"?>
<!-- Generated by org.testng.reporters.JUnitXMLReporter -->
<testsuite ignored="7" hostname="DESKTOP-FADL0SF" failures="0" tests="1" name="Default test" time="25.475" errors="0" timestamp="2023-02-03T17:53:41 IST">
  <testcase classname="com.bridgelabz_qa_automation.Handling_Pop_Up_Test" name="child_Browser_Popup" time="17.996"/>
  <testcase classname="com.bridgelabz_qa_automation.Handling_Pop_Up_Test" name="hidden_Division_Popup" time="0.0">
    <ignored/>
  </testcase> <!-- hidden_Division_Popup -->
  <testcase classname="com.bridgelabz_qa_automation.Handling_Pop_Up_Test" name="alert_Popup_Test" time="0.0">
    <ignored/>
  </testcase> <!-- alert_Popup_Test -->
  <testcase classname="com.bridgelabz_qa_automation.Handling_Pop_Up_Test" name="simple_Alert_Popup_Test" time="0.0">
    <ignored/>
  </testcase> <!-- simple_Alert_Popup_Test -->
  <testcase classname="com.bridgelabz_qa_automation.Handling_Pop_Up_Test" name="files_Upload_Popup" time="0.0">
    <ignored/>
  </testcase> <!-- files_Upload_Popup -->
  <testcase classname="com.bridgelabz_qa_automation.Handling_Pop_Up_Test" name="file_Upload_Popup" time="0.0">
    <ignored/>
  </testcase> <!-- file_Upload_Popup -->
  <testcase classname="com.bridgelabz_qa_automation.Handling_Pop_Up_Test" name="get_The_Window_ID_Test" time="0.0">
    <ignored/>
  </testcase> <!-- get_The_Window_ID_Test -->
  <testcase classname="com.bridgelabz_qa_automation.Handling_Pop_Up_Test" name="prompt_Popup__Test" time="0.0">
    <ignored/>
  </testcase> <!-- prompt_Popup__Test -->
</testsuite> <!-- Default test -->
